<?xml version="1.0" encoding="UTF-8"?>
<!-- Generated by org.testng.reporters.JUnitReportReporter -->
<testsuite skipped="0" hostname="Ankush" name="com.RMG.Base.JsonSerialization" tests="1" failures="0" timestamp="08 Dec 2020 11:03:07 GMT" time="0.442" errors="0">
  <testcase name="sample" time="0.442" classname="com.RMG.Base.JsonSerialization"/>
</testsuite> <!-- com.RMG.Base.JsonSerialization -->
