<?xml version="1.0" encoding="UTF-8"?>
<!-- Generated by org.testng.reporters.JUnitReportReporter -->
<testsuite skipped="0" hostname="Ankush" name="com.RMG.test.CreateProjectWithPojo" tests="1" failures="0" timestamp="08 Dec 2020 09:49:11 GMT" time="8.336" errors="0">
  <testcase name="createProjectTest" time="8.336" classname="com.RMG.test.CreateProjectWithPojo"/>
</testsuite> <!-- com.RMG.test.CreateProjectWithPojo -->
