<?xml version="1.0" encoding="UTF-8"?>
<!-- Generated by org.testng.reporters.JUnitReportReporter -->
<testsuite skipped="0" hostname="Ankush" name="com.RMG.test.GetSingleProject" tests="1" failures="0" timestamp="08 Dec 2020 05:43:55 GMT" time="3.108" errors="0">
  <testcase name="getSingleProjectTest" time="3.108" classname="com.RMG.test.GetSingleProject"/>
</testsuite> <!-- com.RMG.test.GetSingleProject -->
