<?xml version="1.0" encoding="UTF-8"?>
<!-- Generated by org.testng.reporters.JUnitReportReporter -->
<testsuite skipped="0" hostname="Ankush" name="com.RMG.GitAPI.GitApiTest" tests="1" failures="0" timestamp="08 Dec 2020 11:10:40 GMT" time="3.576" errors="0">
  <testcase name="authenticationTest" time="3.576" classname="com.RMG.GitAPI.GitApiTest"/>
</testsuite> <!-- com.RMG.GitAPI.GitApiTest -->
