<?xml version="1.0" encoding="UTF-8"?>
<!-- Generated by org.testng.reporters.JUnitReportReporter -->
<testsuite skipped="0" hostname="Ankush" name="com.RMG.Base.JsonDeserialise" tests="1" failures="0" timestamp="08 Dec 2020 09:41:08 GMT" time="0.337" errors="0">
  <testcase name="sample" time="0.337" classname="com.RMG.Base.JsonDeserialise"/>
</testsuite> <!-- com.RMG.Base.JsonDeserialise -->
