<?xml version="1.0" encoding="UTF-8"?>
<!-- Generated by org.testng.reporters.JUnitReportReporter -->
<testsuite skipped="0" hostname="Ankush" name="com.RMG.test.GetAllProjects" tests="1" failures="0" timestamp="08 Dec 2020 04:46:29 GMT" time="1.823" errors="0">
  <testcase name="getAllProjectTest" time="1.823" classname="com.RMG.test.GetAllProjects"/>
</testsuite> <!-- com.RMG.test.GetAllProjects -->
