<?xml version="1.0" encoding="UTF-8"?>
<!-- Generated by org.testng.reporters.JUnitReportReporter -->
<testsuite skipped="0" hostname="Ankush" name="com.RMG.GitAPI.OAuth2Test" tests="1" failures="0" timestamp="08 Dec 2020 11:42:07 GMT" time="3.956" errors="0">
  <testcase name="oAuthTest" time="3.956" classname="com.RMG.GitAPI.OAuth2Test"/>
</testsuite> <!-- com.RMG.GitAPI.OAuth2Test -->
