<?xml version="1.0" encoding="UTF-8"?>
<!-- Generated by org.testng.reporters.JUnitReportReporter -->
<testsuite skipped="0" hostname="Ankush" name="com.RMG.test.DeleteProject" tests="1" failures="0" timestamp="08 Dec 2020 05:55:56 GMT" time="2.140" errors="0">
  <testcase name="deleteProjectTest" time="2.140" classname="com.RMG.test.DeleteProject"/>
</testsuite> <!-- com.RMG.test.DeleteProject -->
