<?xml version="1.0" encoding="UTF-8"?>
<!-- Generated by org.testng.reporters.JUnitReportReporter -->
<testsuite skipped="0" hostname="Ankush" name="com.RMG.test.RequestChaining" tests="1" failures="0" timestamp="08 Dec 2020 06:40:17 GMT" time="4.084" errors="0">
  <testcase name="requestChaining" time="4.084" classname="com.RMG.test.RequestChaining"/>
</testsuite> <!-- com.RMG.test.RequestChaining -->
