<?xml version="1.0" encoding="UTF-8"?>
<!-- Generated by org.testng.reporters.JUnitReportReporter -->
<testsuite skipped="0" hostname="Ankush" name="com.RMG.test.CreateProjectWithFile" tests="1" failures="0" timestamp="08 Dec 2020 11:05:24 GMT" time="4.172" errors="0">
  <testcase name="createProjectWithFile" time="4.172" classname="com.RMG.test.CreateProjectWithFile"/>
</testsuite> <!-- com.RMG.test.CreateProjectWithFile -->
