<?xml version="1.0" encoding="UTF-8"?>
<!-- Generated by org.testng.reporters.JUnitReportReporter -->
<testsuite skipped="0" hostname="Ankush" name="com.RMG.test.UpdateProject" tests="1" failures="0" timestamp="08 Dec 2020 05:45:40 GMT" time="3.933" errors="0">
  <testcase name="updateProjectTest" time="3.933" classname="com.RMG.test.UpdateProject"/>
</testsuite> <!-- com.RMG.test.UpdateProject -->
