<?xml version="1.0" encoding="UTF-8"?>
<!-- Generated by org.testng.reporters.JUnitReportReporter -->
<testsuite skipped="0" hostname="Ankush" name="com.RMG.test.CreateProject" tests="1" failures="0" timestamp="08 Dec 2020 04:46:23 GMT" time="1.786" errors="0">
  <testcase name="createProjectTest" time="1.786" classname="com.RMG.test.CreateProject"/>
</testsuite> <!-- com.RMG.test.CreateProject -->
